<?xml version="1.0" encoding="UTF-8"?>
<!-- Generated by org.testng.reporters.JUnitReportReporter -->
<testsuite hostname="DESKTOP-1KR3IKH" failures="0" tests="1" name="com.Actitime.Testscripts.CreateCustomer" time="11.053" errors="0" timestamp="2024-08-21T09:08:07 IST" skipped="0">
  <testcase classname="com.Actitime.Testscripts.CreateCustomer" name="createCustomer" time="11.053"/>
  <system-out>
    <![CDATA[testscript passes successfully]]>
  </system-out>
</testsuite> <!-- com.Actitime.Testscripts.CreateCustomer -->
